[2020-12-25 14:42:51,735] [TRAIN] - main:
  experiment_name_prefix: my_exp
  seed: 1
  num_workers: 8
  parallel: false
  gpus_to_use: 0,1
  trains: false
  paths:
    train: data/train.pkl
    validation: data/validation.pkl
    logs: logs/
    train_images: ../../../datashare/train2014
    train_qeustions: ../../../datashare/v2_OpenEnded_mscoco_train2014_questions.json
    train_answers: ../../../datashare/v2_mscoco_train2014_annotations.json
    val_images: ../../../datashare/val2014
    val_qeustions: ../../../datashare/v2_OpenEnded_mscoco_val2014_questions.json
    val_answers: ../../../datashare/v2_mscoco_val2014_annotations.json
train:
  num_epochs: 50
  grad_clip: 0.25
  dropout: 0.2
  num_hid: 20
  batch_size: 64
  save_model: true
  img_encoder_out_classes: 1024
  img_encoder_batchnorm: true
  img_encoder_dropout: 0.5
  text_embedding_tokens: 15193
  text_embedding_features: 100
  text_lstm_features: 512
  text_dropout: 0.5
  attention_mid_features: 128
  attention_glimpses: 2
  attention_dropout: 0.5
  classifier_dropout: 0.5
  classifier_mid_features: 128
  classifier_out_classes: 2410
  lr:
    lr_value: 0.001
    lr_decay: 15
    lr_gamma: 0.1
    lr_step_size: 30

[2020-12-25 14:44:07,353] [TRAIN] - MyModel(
  (img_encoder): ResNetClassifier(
    (feature_extractor): Sequential(
      (0): ResidualBlock(
        (main_path): Sequential(
          (0): Conv2d(3, 32, kernel_size=(3, 3), stride=(1, 1), padding=(1, 1))
          (1): Dropout2d(p=0.5, inplace=False)
          (2): BatchNorm2d(32, eps=1e-05, momentum=0.1, affine=True, track_running_stats=True)
          (3): ReLU()
        )
        (shortcut_path): Sequential(
          (0): Conv2d(3, 32, kernel_size=(1, 1), stride=(1, 1), bias=False)
        )
      )
      (1): AvgPool2d(kernel_size=2, stride=2, padding=0)
      (2): ResidualBlock(
        (main_path): Sequential(
          (0): Conv2d(32, 128, kernel_size=(3, 3), stride=(1, 1), padding=(1, 1))
          (1): Dropout2d(p=0.5, inplace=False)
          (2): BatchNorm2d(128, eps=1e-05, momentum=0.1, affine=True, track_running_stats=True)
          (3): ReLU()
        )
        (shortcut_path): Sequential(
          (0): Conv2d(32, 128, kernel_size=(1, 1), stride=(1, 1), bias=False)
        )
      )
      (3): AvgPool2d(kernel_size=2, stride=2, padding=0)
      (4): ResidualBlock(
        (main_path): Sequential(
          (0): Conv2d(128, 512, kernel_size=(3, 3), stride=(1, 1), padding=(1, 1))
          (1): Dropout2d(p=0.5, inplace=False)
          (2): BatchNorm2d(512, eps=1e-05, momentum=0.1, affine=True, track_running_stats=True)
          (3): ReLU()
        )
        (shortcut_path): Sequential(
          (0): Conv2d(128, 512, kernel_size=(1, 1), stride=(1, 1), bias=False)
        )
      )
      (5): AvgPool2d(kernel_size=2, stride=2, padding=0)
      (6): ResidualBlock(
        (main_path): Sequential(
          (0): Conv2d(512, 1024, kernel_size=(3, 3), stride=(1, 1), padding=(1, 1))
          (1): ReLU()
        )
        (shortcut_path): Sequential(
          (0): Conv2d(512, 1024, kernel_size=(1, 1), stride=(1, 1), bias=False)
        )
      )
      (7): AvgPool2d(kernel_size=2, stride=2, padding=0)
      (8): AvgPool2d(kernel_size=3, stride=3, padding=0)
      (9): AvgPool2d(kernel_size=4, stride=4, padding=0)
    )
  )
  (text): TextProcessor(
    (embedding): Embedding(15193, 100, padding_idx=0)
    (drop): Dropout(p=0.5, inplace=False)
    (tanh): Tanh()
    (lstm): LSTM(100, 512)
  )
  (attention): Attention(
    (v_conv): Conv2d(1024, 128, kernel_size=(1, 1), stride=(1, 1), bias=False)
    (q_lin): Linear(in_features=512, out_features=128, bias=True)
    (x_conv): Conv2d(128, 2, kernel_size=(1, 1), stride=(1, 1))
    (drop): Dropout(p=0.5, inplace=False)
    (relu): ReLU(inplace=True)
  )
  (classifier): Sequential(
    (0): Dropout(p=0.5, inplace=False)
    (1): Linear(in_features=2560, out_features=128, bias=True)
    (2): ReLU()
    (3): Dropout(p=0.5, inplace=False)
    (4): Linear(in_features=128, out_features=2410, bias=True)
  )
)
Params: 9555664
