[2020-12-20 14:20:01,163] [TRAIN] - main:
  experiment_name_prefix: my_exp
  seed: 1
  num_workers: 6
  parallel: false
  gpus_to_use: 1,2
  trains: false
  paths:
    train: data/train.pkl
    validation: data/validation.pkl
    logs: logs/
    train_images: data/train2014
    train_qeustions: data/v2_OpenEnded_mscoco_train2014_questions.json
    train_answers: data/v2_mscoco_train2014_annotations.json
    val_images: data/val2014
    val_qeustions: data/v2_OpenEnded_mscoco_val2014_questions.json
    val_answers: data/v2_mscoco_val2014_annotations.json
train:
  num_epochs: 15
  grad_clip: 0.25
  dropout: 0.2
  num_hid: 20
  batch_size: 16
  save_model: false
  lr:
    lr_value: 0.001
    lr_decay: 15
    lr_gamma: 0.1
    lr_step_size: 30

