[2020-12-15 13:15:06,791] [TRAIN] - main:
  experiment_name_prefix: my_exp
  seed: 1
  num_workers: 6
  parallel: false
  gpus_to_use: 1,2
  trains: false
  paths:
    train: data/train.pkl
    validation: data/validation.pkl
    logs: logs/
train:
  num_epochs: 15
  grad_clip: 0.25
  dropout: 0.2
  num_hid: 20
  batch_size: 16
  save_model: false
  lr:
    lr_value: 0.001
    lr_decay: 15
    lr_gamma: 0.1
    lr_step_size: 30

[2020-12-15 13:15:07,211] [TRAIN] - MyModel(
  (classifier): FCNet(
    (seq): Sequential(
      (0): Dropout(p=0.2, inplace=False)
      (1): Linear(in_features=50, out_features=20, bias=True)
      (2): ReLU()
      (3): Dropout(p=0.2, inplace=False)
      (4): Linear(in_features=20, out_features=20, bias=True)
      (5): ReLU()
      (6): Dropout(p=0.2, inplace=False)
      (7): Linear(in_features=20, out_features=2, bias=True)
      (8): ReLU()
    )
  )
)
Params: 1485
